<?xml version="1.0" encoding="UTF-8"?>
<!-- Generated by org.testng.reporters.JUnitXMLReporter -->
<testsuite hostname="Jonathans-MBP-2.maine.rr.com" ignored="0" name="Default test" tests="2" failures="0" timestamp="02 May 2019 20:40:52 GMT" time="0.292" errors="0">
  <testcase name="testGamePageRoute" time="0.112" classname="breakpoint.project.ReactSweeper.TitlePageTest"/>
  <testcase name="titleEqualsReactSweeper" time="0.029" classname="breakpoint.project.ReactSweeper.TitlePageTest"/>
</testsuite> <!-- Default test -->
