<?xml version="1.0" encoding="UTF-8"?>
<testng-results skipped="0" failed="0" ignored="0" total="2" passed="2">
  <reporter-output>
  </reporter-output>
  <suite name="Default suite" duration-ms="292" started-at="2019-05-02T20:40:52Z" finished-at="2019-05-02T20:40:52Z">
    <groups>
    </groups>
    <test name="Default test" duration-ms="292" started-at="2019-05-02T20:40:52Z" finished-at="2019-05-02T20:40:52Z">
      <class name="breakpoint.project.ReactSweeper.TitlePageTest">
        <test-method status="PASS" signature="setUp()[pri:0, instance:breakpoint.project.ReactSweeper.TitlePageTest@6d4e5011]" name="setUp" is-config="true" duration-ms="17" started-at="2019-05-02T20:40:52Z" finished-at="2019-05-02T20:40:52Z">
          <reporter-output>
          </reporter-output>
        </test-method> <!-- setUp -->
        <test-method status="PASS" signature="testGamePageRoute()[pri:0, instance:breakpoint.project.ReactSweeper.TitlePageTest@6d4e5011]" name="testGamePageRoute" duration-ms="112" started-at="2019-05-02T20:40:52Z" finished-at="2019-05-02T20:40:52Z">
          <reporter-output>
          </reporter-output>
        </test-method> <!-- testGamePageRoute -->
        <test-method status="PASS" signature="titleEqualsReactSweeper()[pri:0, instance:breakpoint.project.ReactSweeper.TitlePageTest@6d4e5011]" name="titleEqualsReactSweeper" duration-ms="29" started-at="2019-05-02T20:40:52Z" finished-at="2019-05-02T20:40:52Z">
          <reporter-output>
          </reporter-output>
        </test-method> <!-- titleEqualsReactSweeper -->
        <test-method status="PASS" signature="cleanUp()[pri:0, instance:breakpoint.project.ReactSweeper.TitlePageTest@6d4e5011]" name="cleanUp" is-config="true" duration-ms="111" started-at="2019-05-02T20:40:52Z" finished-at="2019-05-02T20:40:52Z">
          <reporter-output>
          </reporter-output>
        </test-method> <!-- cleanUp -->
      </class> <!-- breakpoint.project.ReactSweeper.TitlePageTest -->
    </test> <!-- Default test -->
  </suite> <!-- Default suite -->
</testng-results>
